07-Aug-2025 22:24:47.116 INFO [main] org.apache.catalina.core.ApplicationContext.log ContextListener: contextInitialized()
07-Aug-2025 22:24:47.116 INFO [main] org.apache.catalina.core.ApplicationContext.log SessionListener: contextInitialized()
07-Aug-2025 22:24:47.117 INFO [main] org.apache.catalina.core.ApplicationContext.log ContextListener: attributeAdded('StockTicker', 'async.Stockticker@12eedfee')
07-Aug-2025 22:43:45.319 INFO [main] org.apache.catalina.core.ApplicationContext.log ContextListener: contextInitialized()
07-Aug-2025 22:43:45.319 INFO [main] org.apache.catalina.core.ApplicationContext.log SessionListener: contextInitialized()
07-Aug-2025 22:43:45.320 INFO [main] org.apache.catalina.core.ApplicationContext.log ContextListener: attributeAdded('StockTicker', 'async.Stockticker@2ee39e73')
07-Aug-2025 22:44:10.388 INFO [Thread-1] org.apache.catalina.core.ApplicationContext.log SessionListener: contextDestroyed()
07-Aug-2025 22:44:10.388 INFO [Thread-1] org.apache.catalina.core.ApplicationContext.log ContextListener: contextDestroyed()
07-Aug-2025 22:44:27.725 INFO [main] org.apache.catalina.core.ApplicationContext.log ContextListener: contextInitialized()
07-Aug-2025 22:44:27.726 INFO [main] org.apache.catalina.core.ApplicationContext.log SessionListener: contextInitialized()
07-Aug-2025 22:44:27.726 INFO [main] org.apache.catalina.core.ApplicationContext.log ContextListener: attributeAdded('StockTicker', 'async.Stockticker@634ca3e7')
07-Aug-2025 22:44:27.759 INFO [main] org.apache.catalina.core.ApplicationContext.log SessionListener: contextDestroyed()
07-Aug-2025 22:44:27.759 INFO [main] org.apache.catalina.core.ApplicationContext.log ContextListener: contextDestroyed()
07-Aug-2025 22:44:59.099 INFO [main] org.apache.catalina.core.ApplicationContext.log ContextListener: contextInitialized()
07-Aug-2025 22:44:59.100 INFO [main] org.apache.catalina.core.ApplicationContext.log SessionListener: contextInitialized()
07-Aug-2025 22:44:59.100 INFO [main] org.apache.catalina.core.ApplicationContext.log ContextListener: attributeAdded('StockTicker', 'async.Stockticker@50b734c4')
07-Aug-2025 22:44:59.135 INFO [main] org.apache.catalina.core.ApplicationContext.log SessionListener: contextDestroyed()
07-Aug-2025 22:44:59.135 INFO [main] org.apache.catalina.core.ApplicationContext.log ContextListener: contextDestroyed()
07-Aug-2025 22:53:20.977 INFO [main] org.apache.catalina.core.ApplicationContext.log ContextListener: contextInitialized()
07-Aug-2025 22:53:20.977 INFO [main] org.apache.catalina.core.ApplicationContext.log SessionListener: contextInitialized()
07-Aug-2025 22:53:20.979 INFO [main] org.apache.catalina.core.ApplicationContext.log ContextListener: attributeAdded('StockTicker', 'async.Stockticker@707865bd')
07-Aug-2025 22:53:21.020 INFO [main] org.apache.catalina.core.ApplicationContext.log SessionListener: contextDestroyed()
07-Aug-2025 22:53:21.020 INFO [main] org.apache.catalina.core.ApplicationContext.log ContextListener: contextDestroyed()
07-Aug-2025 22:56:14.911 INFO [main] org.apache.catalina.core.ApplicationContext.log ContextListener: contextInitialized()
07-Aug-2025 22:56:14.911 INFO [main] org.apache.catalina.core.ApplicationContext.log SessionListener: contextInitialized()
07-Aug-2025 22:56:14.912 INFO [main] org.apache.catalina.core.ApplicationContext.log ContextListener: attributeAdded('StockTicker', 'async.Stockticker@548e43b1')
07-Aug-2025 22:56:14.951 INFO [main] org.apache.catalina.core.ApplicationContext.log SessionListener: contextDestroyed()
07-Aug-2025 22:56:14.951 INFO [main] org.apache.catalina.core.ApplicationContext.log ContextListener: contextDestroyed()
07-Aug-2025 22:57:18.047 INFO [main] org.apache.catalina.core.ApplicationContext.log ContextListener: contextInitialized()
07-Aug-2025 22:57:18.047 INFO [main] org.apache.catalina.core.ApplicationContext.log SessionListener: contextInitialized()
07-Aug-2025 22:57:18.048 INFO [main] org.apache.catalina.core.ApplicationContext.log ContextListener: attributeAdded('StockTicker', 'async.Stockticker@707865bd')
07-Aug-2025 22:57:18.083 INFO [main] org.apache.catalina.core.ApplicationContext.log SessionListener: contextDestroyed()
07-Aug-2025 22:57:18.083 INFO [main] org.apache.catalina.core.ApplicationContext.log ContextListener: contextDestroyed()
07-Aug-2025 23:02:15.574 INFO [main] org.apache.catalina.core.ApplicationContext.log ContextListener: contextInitialized()
07-Aug-2025 23:02:15.574 INFO [main] org.apache.catalina.core.ApplicationContext.log SessionListener: contextInitialized()
07-Aug-2025 23:02:15.575 INFO [main] org.apache.catalina.core.ApplicationContext.log ContextListener: attributeAdded('StockTicker', 'async.Stockticker@616a06e3')
07-Aug-2025 23:02:15.625 INFO [main] org.apache.catalina.core.ApplicationContext.log SessionListener: contextDestroyed()
07-Aug-2025 23:02:15.625 INFO [main] org.apache.catalina.core.ApplicationContext.log ContextListener: contextDestroyed()
07-Aug-2025 23:13:38.438 INFO [main] org.apache.catalina.core.ApplicationContext.log ContextListener: contextInitialized()
07-Aug-2025 23:13:38.438 INFO [main] org.apache.catalina.core.ApplicationContext.log SessionListener: contextInitialized()
07-Aug-2025 23:13:38.439 INFO [main] org.apache.catalina.core.ApplicationContext.log ContextListener: attributeAdded('StockTicker', 'async.Stockticker@5b5f9003')
07-Aug-2025 23:13:38.471 INFO [main] org.apache.catalina.core.ApplicationContext.log SessionListener: contextDestroyed()
07-Aug-2025 23:13:38.471 INFO [main] org.apache.catalina.core.ApplicationContext.log ContextListener: contextDestroyed()
07-Aug-2025 23:14:31.953 INFO [main] org.apache.catalina.core.ApplicationContext.log ContextListener: contextInitialized()
07-Aug-2025 23:14:31.953 INFO [main] org.apache.catalina.core.ApplicationContext.log SessionListener: contextInitialized()
07-Aug-2025 23:14:31.954 INFO [main] org.apache.catalina.core.ApplicationContext.log ContextListener: attributeAdded('StockTicker', 'async.Stockticker@67688110')
07-Aug-2025 23:14:31.989 INFO [main] org.apache.catalina.core.ApplicationContext.log SessionListener: contextDestroyed()
07-Aug-2025 23:14:31.989 INFO [main] org.apache.catalina.core.ApplicationContext.log ContextListener: contextDestroyed()
07-Aug-2025 23:15:16.022 INFO [main] org.apache.catalina.core.ApplicationContext.log ContextListener: contextInitialized()
07-Aug-2025 23:15:16.022 INFO [main] org.apache.catalina.core.ApplicationContext.log SessionListener: contextInitialized()
07-Aug-2025 23:15:16.024 INFO [main] org.apache.catalina.core.ApplicationContext.log ContextListener: attributeAdded('StockTicker', 'async.Stockticker@5b5f9003')
07-Aug-2025 23:15:16.116 INFO [main] org.apache.catalina.core.ApplicationContext.log SessionListener: contextDestroyed()
07-Aug-2025 23:15:16.116 INFO [main] org.apache.catalina.core.ApplicationContext.log ContextListener: contextDestroyed()
07-Aug-2025 23:16:52.124 INFO [main] org.apache.catalina.core.ApplicationContext.log ContextListener: contextInitialized()
07-Aug-2025 23:16:52.124 INFO [main] org.apache.catalina.core.ApplicationContext.log SessionListener: contextInitialized()
07-Aug-2025 23:16:52.129 INFO [main] org.apache.catalina.core.ApplicationContext.log ContextListener: attributeAdded('StockTicker', 'async.Stockticker@423ed3b5')
07-Aug-2025 23:16:52.417 INFO [main] org.apache.catalina.core.ApplicationContext.log SessionListener: contextDestroyed()
07-Aug-2025 23:16:52.417 INFO [main] org.apache.catalina.core.ApplicationContext.log ContextListener: contextDestroyed()
07-Aug-2025 23:17:40.251 INFO [main] org.apache.catalina.core.ApplicationContext.log ContextListener: contextInitialized()
07-Aug-2025 23:17:40.251 INFO [main] org.apache.catalina.core.ApplicationContext.log SessionListener: contextInitialized()
07-Aug-2025 23:17:40.253 INFO [main] org.apache.catalina.core.ApplicationContext.log ContextListener: attributeAdded('StockTicker', 'async.Stockticker@423ed3b5')
07-Aug-2025 23:17:40.306 INFO [main] org.apache.catalina.core.ApplicationContext.log SessionListener: contextDestroyed()
07-Aug-2025 23:17:40.306 INFO [main] org.apache.catalina.core.ApplicationContext.log ContextListener: contextDestroyed()
07-Aug-2025 23:19:14.409 INFO [main] org.apache.catalina.core.ApplicationContext.log ContextListener: contextInitialized()
07-Aug-2025 23:19:14.409 INFO [main] org.apache.catalina.core.ApplicationContext.log SessionListener: contextInitialized()
07-Aug-2025 23:19:14.411 INFO [main] org.apache.catalina.core.ApplicationContext.log ContextListener: attributeAdded('StockTicker', 'async.Stockticker@5b5f9003')
07-Aug-2025 23:19:14.476 INFO [main] org.apache.catalina.core.ApplicationContext.log SessionListener: contextDestroyed()
07-Aug-2025 23:19:14.476 INFO [main] org.apache.catalina.core.ApplicationContext.log ContextListener: contextDestroyed()
07-Aug-2025 23:30:58.324 INFO [main] org.apache.catalina.core.ApplicationContext.log ContextListener: contextInitialized()
07-Aug-2025 23:30:58.324 INFO [main] org.apache.catalina.core.ApplicationContext.log SessionListener: contextInitialized()
07-Aug-2025 23:30:58.325 INFO [main] org.apache.catalina.core.ApplicationContext.log ContextListener: attributeAdded('StockTicker', 'async.Stockticker@2df65a56')
07-Aug-2025 23:30:58.420 INFO [main] org.apache.catalina.core.ApplicationContext.log SessionListener: contextDestroyed()
07-Aug-2025 23:30:58.420 INFO [main] org.apache.catalina.core.ApplicationContext.log ContextListener: contextDestroyed()
07-Aug-2025 23:31:59.456 INFO [main] org.apache.catalina.core.ApplicationContext.log ContextListener: contextInitialized()
07-Aug-2025 23:31:59.456 INFO [main] org.apache.catalina.core.ApplicationContext.log SessionListener: contextInitialized()
07-Aug-2025 23:31:59.457 INFO [main] org.apache.catalina.core.ApplicationContext.log ContextListener: attributeAdded('StockTicker', 'async.Stockticker@486e9d1d')
07-Aug-2025 23:31:59.489 INFO [main] org.apache.catalina.core.ApplicationContext.log SessionListener: contextDestroyed()
07-Aug-2025 23:31:59.489 INFO [main] org.apache.catalina.core.ApplicationContext.log ContextListener: contextDestroyed()
07-Aug-2025 23:35:09.857 INFO [main] org.apache.catalina.core.ApplicationContext.log ContextListener: contextInitialized()
07-Aug-2025 23:35:09.857 INFO [main] org.apache.catalina.core.ApplicationContext.log SessionListener: contextInitialized()
07-Aug-2025 23:35:09.858 INFO [main] org.apache.catalina.core.ApplicationContext.log ContextListener: attributeAdded('StockTicker', 'async.Stockticker@619c93ca')
07-Aug-2025 23:35:09.889 INFO [main] org.apache.catalina.core.ApplicationContext.log SessionListener: contextDestroyed()
07-Aug-2025 23:35:09.889 INFO [main] org.apache.catalina.core.ApplicationContext.log ContextListener: contextDestroyed()
