09-Aug-2025 11:22:15.700 INFO [main] org.apache.catalina.core.ApplicationContext.log ContextListener: contextInitialized()
09-Aug-2025 11:22:15.700 INFO [main] org.apache.catalina.core.ApplicationContext.log SessionListener: contextInitialized()
09-Aug-2025 11:22:15.700 INFO [main] org.apache.catalina.core.ApplicationContext.log ContextListener: attributeAdded('StockTicker', 'async.Stockticker@47df5041')
09-Aug-2025 11:22:15.739 INFO [main] org.apache.catalina.core.ApplicationContext.log SessionListener: contextDestroyed()
09-Aug-2025 11:22:15.739 INFO [main] org.apache.catalina.core.ApplicationContext.log ContextListener: contextDestroyed()
09-Aug-2025 11:32:53.069 INFO [main] org.apache.catalina.core.ApplicationContext.log ContextListener: contextInitialized()
09-Aug-2025 11:32:53.069 INFO [main] org.apache.catalina.core.ApplicationContext.log SessionListener: contextInitialized()
09-Aug-2025 11:32:53.069 INFO [main] org.apache.catalina.core.ApplicationContext.log ContextListener: attributeAdded('StockTicker', 'async.Stockticker@5e5ddfbc')
09-Aug-2025 11:32:53.100 INFO [main] org.apache.catalina.core.ApplicationContext.log SessionListener: contextDestroyed()
09-Aug-2025 11:32:53.100 INFO [main] org.apache.catalina.core.ApplicationContext.log ContextListener: contextDestroyed()
09-Aug-2025 12:03:05.641 INFO [main] org.apache.catalina.core.ApplicationContext.log ContextListener: contextInitialized()
09-Aug-2025 12:03:05.641 INFO [main] org.apache.catalina.core.ApplicationContext.log SessionListener: contextInitialized()
09-Aug-2025 12:03:05.642 INFO [main] org.apache.catalina.core.ApplicationContext.log ContextListener: attributeAdded('StockTicker', 'async.Stockticker@29962b2f')
09-Aug-2025 12:03:05.670 INFO [main] org.apache.catalina.core.ApplicationContext.log SessionListener: contextDestroyed()
09-Aug-2025 12:03:05.670 INFO [main] org.apache.catalina.core.ApplicationContext.log ContextListener: contextDestroyed()
09-Aug-2025 12:12:35.491 INFO [main] org.apache.catalina.core.ApplicationContext.log ContextListener: contextInitialized()
09-Aug-2025 12:12:35.491 INFO [main] org.apache.catalina.core.ApplicationContext.log SessionListener: contextInitialized()
09-Aug-2025 12:12:35.491 INFO [main] org.apache.catalina.core.ApplicationContext.log ContextListener: attributeAdded('StockTicker', 'async.Stockticker@72ecbcb3')
09-Aug-2025 12:12:35.523 INFO [main] org.apache.catalina.core.ApplicationContext.log SessionListener: contextDestroyed()
09-Aug-2025 12:12:35.523 INFO [main] org.apache.catalina.core.ApplicationContext.log ContextListener: contextDestroyed()
09-Aug-2025 12:37:27.837 INFO [main] org.apache.catalina.core.ApplicationContext.log ContextListener: contextInitialized()
09-Aug-2025 12:37:27.837 INFO [main] org.apache.catalina.core.ApplicationContext.log SessionListener: contextInitialized()
09-Aug-2025 12:37:27.838 INFO [main] org.apache.catalina.core.ApplicationContext.log ContextListener: attributeAdded('StockTicker', 'async.Stockticker@3757e8e2')
09-Aug-2025 12:37:27.869 INFO [main] org.apache.catalina.core.ApplicationContext.log SessionListener: contextDestroyed()
09-Aug-2025 12:37:27.870 INFO [main] org.apache.catalina.core.ApplicationContext.log ContextListener: contextDestroyed()
09-Aug-2025 12:42:10.037 INFO [main] org.apache.catalina.core.ApplicationContext.log ContextListener: contextInitialized()
09-Aug-2025 12:42:10.037 INFO [main] org.apache.catalina.core.ApplicationContext.log SessionListener: contextInitialized()
09-Aug-2025 12:42:10.038 INFO [main] org.apache.catalina.core.ApplicationContext.log ContextListener: attributeAdded('StockTicker', 'async.Stockticker@679d0be8')
09-Aug-2025 12:42:10.069 INFO [main] org.apache.catalina.core.ApplicationContext.log SessionListener: contextDestroyed()
09-Aug-2025 12:42:10.069 INFO [main] org.apache.catalina.core.ApplicationContext.log ContextListener: contextDestroyed()
09-Aug-2025 12:42:14.600 SEVERE [http-nio-8080-exec-162] org.apache.catalina.core.StandardWrapperValve.invoke Servlet.service() for servlet [jsp] in context with path [/LifeFlow] threw exception [An exception occurred processing [/dashboard.jsp] at line [112]

109:                     <tbody class="text-gray-700">
110:                         <%
111:                             String myRequestsSql = "SELECT *, TIMESTAMPDIFF(HOUR, request_date, NOW()) as waiting_hours FROM blood_requests WHERE requester_id = ? ORDER BY request_date DESC";
112:                             try (PreparedStatement pstmt = conn.prepareStatement(myRequestsSql)) {
113:                                 pstmt.setInt(1, userId);
114:                                 ResultSet rs = pstmt.executeQuery();
115:                                 if (!rs.isBeforeFirst() ) {


Stacktrace:] with root cause
	java.lang.NullPointerException
		at org.apache.jsp.dashboard_jsp._jspService(dashboard_jsp.java:241)
		at org.apache.jasper.runtime.HttpJspBase.service(HttpJspBase.java:64)
		at javax.servlet.http.HttpServlet.service(HttpServlet.java:623)
		at org.apache.jasper.servlet.JspServletWrapper.service(JspServletWrapper.java:446)
		at org.apache.jasper.servlet.JspServlet.serviceJspFile(JspServlet.java:356)
		at org.apache.jasper.servlet.JspServlet.service(JspServlet.java:307)
		at javax.servlet.http.HttpServlet.service(HttpServlet.java:623)
		at org.apache.catalina.core.ApplicationFilterChain.internalDoFilter(ApplicationFilterChain.java:199)
		at org.apache.catalina.core.ApplicationFilterChain.doFilter(ApplicationFilterChain.java:144)
		at org.apache.tomcat.websocket.server.WsFilter.doFilter(WsFilter.java:51)
		at org.apache.catalina.core.ApplicationFilterChain.internalDoFilter(ApplicationFilterChain.java:168)
		at org.apache.catalina.core.ApplicationFilterChain.doFilter(ApplicationFilterChain.java:144)
		at com.lifeflow.filter.AuthenticationFilter.doFilter(AuthenticationFilter.java:87)
		at org.apache.catalina.core.ApplicationFilterChain.internalDoFilter(ApplicationFilterChain.java:168)
		at org.apache.catalina.core.ApplicationFilterChain.doFilter(ApplicationFilterChain.java:144)
		at org.apache.catalina.core.StandardWrapperValve.invoke(StandardWrapperValve.java:168)
		at org.apache.catalina.core.StandardContextValve.invoke(StandardContextValve.java:90)
		at org.apache.catalina.authenticator.AuthenticatorBase.invoke(AuthenticatorBase.java:482)
		at org.apache.catalina.core.StandardHostValve.invoke(StandardHostValve.java:130)
		at org.apache.catalina.valves.ErrorReportValve.invoke(ErrorReportValve.java:93)
		at org.apache.catalina.valves.AbstractAccessLogValve.invoke(AbstractAccessLogValve.java:656)
		at org.apache.catalina.core.StandardEngineValve.invoke(StandardEngineValve.java:74)
		at org.apache.catalina.connector.CoyoteAdapter.service(CoyoteAdapter.java:346)
		at org.apache.coyote.http11.Http11Processor.service(Http11Processor.java:397)
		at org.apache.coyote.AbstractProcessorLight.process(AbstractProcessorLight.java:63)
		at org.apache.coyote.AbstractProtocol$ConnectionHandler.process(AbstractProtocol.java:935)
		at org.apache.tomcat.util.net.NioEndpoint$SocketProcessor.doRun(NioEndpoint.java:1826)
		at org.apache.tomcat.util.net.SocketProcessorBase.run(SocketProcessorBase.java:52)
		at org.apache.tomcat.util.threads.ThreadPoolExecutor.runWorker(ThreadPoolExecutor.java:1189)
		at org.apache.tomcat.util.threads.ThreadPoolExecutor$Worker.run(ThreadPoolExecutor.java:658)
		at org.apache.tomcat.util.threads.TaskThread$WrappingRunnable.run(TaskThread.java:63)
		at java.base/java.lang.Thread.run(Thread.java:829)
09-Aug-2025 12:42:55.473 SEVERE [http-nio-8080-exec-158] org.apache.catalina.core.StandardWrapperValve.invoke Servlet.service() for servlet [jsp] in context with path [/LifeFlow] threw exception [An exception occurred processing [/dashboard.jsp] at line [112]

109:                     <tbody class="text-gray-700">
110:                         <%
111:                             String myRequestsSql = "SELECT *, TIMESTAMPDIFF(HOUR, request_date, NOW()) as waiting_hours FROM blood_requests WHERE requester_id = ? ORDER BY request_date DESC";
112:                             try (PreparedStatement pstmt = conn.prepareStatement(myRequestsSql)) {
113:                                 pstmt.setInt(1, userId);
114:                                 ResultSet rs = pstmt.executeQuery();
115:                                 if (!rs.isBeforeFirst() ) {


Stacktrace:] with root cause
	java.lang.NullPointerException
		at org.apache.jsp.dashboard_jsp._jspService(dashboard_jsp.java:241)
		at org.apache.jasper.runtime.HttpJspBase.service(HttpJspBase.java:64)
		at javax.servlet.http.HttpServlet.service(HttpServlet.java:623)
		at org.apache.jasper.servlet.JspServletWrapper.service(JspServletWrapper.java:446)
		at org.apache.jasper.servlet.JspServlet.serviceJspFile(JspServlet.java:356)
		at org.apache.jasper.servlet.JspServlet.service(JspServlet.java:307)
		at javax.servlet.http.HttpServlet.service(HttpServlet.java:623)
		at org.apache.catalina.core.ApplicationFilterChain.internalDoFilter(ApplicationFilterChain.java:199)
		at org.apache.catalina.core.ApplicationFilterChain.doFilter(ApplicationFilterChain.java:144)
		at org.apache.tomcat.websocket.server.WsFilter.doFilter(WsFilter.java:51)
		at org.apache.catalina.core.ApplicationFilterChain.internalDoFilter(ApplicationFilterChain.java:168)
		at org.apache.catalina.core.ApplicationFilterChain.doFilter(ApplicationFilterChain.java:144)
		at com.lifeflow.filter.AuthenticationFilter.doFilter(AuthenticationFilter.java:87)
		at org.apache.catalina.core.ApplicationFilterChain.internalDoFilter(ApplicationFilterChain.java:168)
		at org.apache.catalina.core.ApplicationFilterChain.doFilter(ApplicationFilterChain.java:144)
		at org.apache.catalina.core.StandardWrapperValve.invoke(StandardWrapperValve.java:168)
		at org.apache.catalina.core.StandardContextValve.invoke(StandardContextValve.java:90)
		at org.apache.catalina.authenticator.AuthenticatorBase.invoke(AuthenticatorBase.java:482)
		at org.apache.catalina.core.StandardHostValve.invoke(StandardHostValve.java:130)
		at org.apache.catalina.valves.ErrorReportValve.invoke(ErrorReportValve.java:93)
		at org.apache.catalina.valves.AbstractAccessLogValve.invoke(AbstractAccessLogValve.java:656)
		at org.apache.catalina.core.StandardEngineValve.invoke(StandardEngineValve.java:74)
		at org.apache.catalina.connector.CoyoteAdapter.service(CoyoteAdapter.java:346)
		at org.apache.coyote.http11.Http11Processor.service(Http11Processor.java:397)
		at org.apache.coyote.AbstractProcessorLight.process(AbstractProcessorLight.java:63)
		at org.apache.coyote.AbstractProtocol$ConnectionHandler.process(AbstractProtocol.java:935)
		at org.apache.tomcat.util.net.NioEndpoint$SocketProcessor.doRun(NioEndpoint.java:1826)
		at org.apache.tomcat.util.net.SocketProcessorBase.run(SocketProcessorBase.java:52)
		at org.apache.tomcat.util.threads.ThreadPoolExecutor.runWorker(ThreadPoolExecutor.java:1189)
		at org.apache.tomcat.util.threads.ThreadPoolExecutor$Worker.run(ThreadPoolExecutor.java:658)
		at org.apache.tomcat.util.threads.TaskThread$WrappingRunnable.run(TaskThread.java:63)
		at java.base/java.lang.Thread.run(Thread.java:829)
09-Aug-2025 12:43:05.131 INFO [main] org.apache.catalina.core.ApplicationContext.log ContextListener: contextInitialized()
09-Aug-2025 12:43:05.132 INFO [main] org.apache.catalina.core.ApplicationContext.log SessionListener: contextInitialized()
09-Aug-2025 12:43:05.132 INFO [main] org.apache.catalina.core.ApplicationContext.log ContextListener: attributeAdded('StockTicker', 'async.Stockticker@72ecbcb3')
09-Aug-2025 12:43:05.193 INFO [main] org.apache.catalina.core.ApplicationContext.log SessionListener: contextDestroyed()
09-Aug-2025 12:43:05.193 INFO [main] org.apache.catalina.core.ApplicationContext.log ContextListener: contextDestroyed()
09-Aug-2025 12:53:26.687 INFO [main] org.apache.catalina.core.ApplicationContext.log ContextListener: contextInitialized()
09-Aug-2025 12:53:26.687 INFO [main] org.apache.catalina.core.ApplicationContext.log SessionListener: contextInitialized()
09-Aug-2025 12:53:26.687 INFO [main] org.apache.catalina.core.ApplicationContext.log ContextListener: attributeAdded('StockTicker', 'async.Stockticker@3757e8e2')
09-Aug-2025 12:53:26.720 INFO [main] org.apache.catalina.core.ApplicationContext.log SessionListener: contextDestroyed()
09-Aug-2025 12:53:26.720 INFO [main] org.apache.catalina.core.ApplicationContext.log ContextListener: contextDestroyed()
09-Aug-2025 12:56:25.894 INFO [main] org.apache.catalina.core.ApplicationContext.log ContextListener: contextInitialized()
09-Aug-2025 12:56:25.894 INFO [main] org.apache.catalina.core.ApplicationContext.log SessionListener: contextInitialized()
09-Aug-2025 12:56:25.895 INFO [main] org.apache.catalina.core.ApplicationContext.log ContextListener: attributeAdded('StockTicker', 'async.Stockticker@5e85c21b')
09-Aug-2025 12:56:25.927 INFO [main] org.apache.catalina.core.ApplicationContext.log SessionListener: contextDestroyed()
09-Aug-2025 12:56:25.928 INFO [main] org.apache.catalina.core.ApplicationContext.log ContextListener: contextDestroyed()
09-Aug-2025 12:57:02.289 INFO [main] org.apache.catalina.core.ApplicationContext.log ContextListener: contextInitialized()
09-Aug-2025 12:57:02.289 INFO [main] org.apache.catalina.core.ApplicationContext.log SessionListener: contextInitialized()
09-Aug-2025 12:57:02.290 INFO [main] org.apache.catalina.core.ApplicationContext.log ContextListener: attributeAdded('StockTicker', 'async.Stockticker@11e71181')
09-Aug-2025 12:57:02.334 INFO [main] org.apache.catalina.core.ApplicationContext.log SessionListener: contextDestroyed()
09-Aug-2025 12:57:02.334 INFO [main] org.apache.catalina.core.ApplicationContext.log ContextListener: contextDestroyed()
09-Aug-2025 13:26:07.443 INFO [main] org.apache.catalina.core.ApplicationContext.log ContextListener: contextInitialized()
09-Aug-2025 13:26:07.443 INFO [main] org.apache.catalina.core.ApplicationContext.log SessionListener: contextInitialized()
09-Aug-2025 13:26:07.444 INFO [main] org.apache.catalina.core.ApplicationContext.log ContextListener: attributeAdded('StockTicker', 'async.Stockticker@5e599100')
09-Aug-2025 13:26:07.478 INFO [main] org.apache.catalina.core.ApplicationContext.log SessionListener: contextDestroyed()
09-Aug-2025 13:26:07.478 INFO [main] org.apache.catalina.core.ApplicationContext.log ContextListener: contextDestroyed()
09-Aug-2025 13:26:10.189 SEVERE [http-nio-8080-exec-201] org.apache.catalina.core.StandardWrapperValve.invoke Servlet.service() for servlet [jsp] in context with path [/LifeFlow] threw exception [An exception occurred processing [/dashboard.jsp] at line [112]

109:                     <tbody class="text-gray-700">
110:                         <%
111:                             String myRequestsSql = "SELECT *, TIMESTAMPDIFF(HOUR, request_date, NOW()) as waiting_hours FROM blood_requests WHERE requester_id = ? ORDER BY request_date DESC";
112:                             try (PreparedStatement pstmt = conn.prepareStatement(myRequestsSql)) {
113:                                 pstmt.setInt(1, userId);
114:                                 ResultSet rs = pstmt.executeQuery();
115:                                 if (!rs.isBeforeFirst() ) {


Stacktrace:] with root cause
	java.lang.NullPointerException
		at org.apache.jsp.dashboard_jsp._jspService(dashboard_jsp.java:241)
		at org.apache.jasper.runtime.HttpJspBase.service(HttpJspBase.java:64)
		at javax.servlet.http.HttpServlet.service(HttpServlet.java:623)
		at org.apache.jasper.servlet.JspServletWrapper.service(JspServletWrapper.java:446)
		at org.apache.jasper.servlet.JspServlet.serviceJspFile(JspServlet.java:356)
		at org.apache.jasper.servlet.JspServlet.service(JspServlet.java:307)
		at javax.servlet.http.HttpServlet.service(HttpServlet.java:623)
		at org.apache.catalina.core.ApplicationFilterChain.internalDoFilter(ApplicationFilterChain.java:199)
		at org.apache.catalina.core.ApplicationFilterChain.doFilter(ApplicationFilterChain.java:144)
		at org.apache.tomcat.websocket.server.WsFilter.doFilter(WsFilter.java:51)
		at org.apache.catalina.core.ApplicationFilterChain.internalDoFilter(ApplicationFilterChain.java:168)
		at org.apache.catalina.core.ApplicationFilterChain.doFilter(ApplicationFilterChain.java:144)
		at com.lifeflow.filter.AuthenticationFilter.doFilter(AuthenticationFilter.java:87)
		at org.apache.catalina.core.ApplicationFilterChain.internalDoFilter(ApplicationFilterChain.java:168)
		at org.apache.catalina.core.ApplicationFilterChain.doFilter(ApplicationFilterChain.java:144)
		at org.apache.catalina.core.StandardWrapperValve.invoke(StandardWrapperValve.java:168)
		at org.apache.catalina.core.StandardContextValve.invoke(StandardContextValve.java:90)
		at org.apache.catalina.authenticator.AuthenticatorBase.invoke(AuthenticatorBase.java:482)
		at org.apache.catalina.core.StandardHostValve.invoke(StandardHostValve.java:130)
		at org.apache.catalina.valves.ErrorReportValve.invoke(ErrorReportValve.java:93)
		at org.apache.catalina.valves.AbstractAccessLogValve.invoke(AbstractAccessLogValve.java:656)
		at org.apache.catalina.core.StandardEngineValve.invoke(StandardEngineValve.java:74)
		at org.apache.catalina.connector.CoyoteAdapter.service(CoyoteAdapter.java:346)
		at org.apache.coyote.http11.Http11Processor.service(Http11Processor.java:397)
		at org.apache.coyote.AbstractProcessorLight.process(AbstractProcessorLight.java:63)
		at org.apache.coyote.AbstractProtocol$ConnectionHandler.process(AbstractProtocol.java:935)
		at org.apache.tomcat.util.net.NioEndpoint$SocketProcessor.doRun(NioEndpoint.java:1826)
		at org.apache.tomcat.util.net.SocketProcessorBase.run(SocketProcessorBase.java:52)
		at org.apache.tomcat.util.threads.ThreadPoolExecutor.runWorker(ThreadPoolExecutor.java:1189)
		at org.apache.tomcat.util.threads.ThreadPoolExecutor$Worker.run(ThreadPoolExecutor.java:658)
		at org.apache.tomcat.util.threads.TaskThread$WrappingRunnable.run(TaskThread.java:63)
		at java.base/java.lang.Thread.run(Thread.java:829)
09-Aug-2025 13:26:21.831 INFO [main] org.apache.catalina.core.ApplicationContext.log ContextListener: contextInitialized()
09-Aug-2025 13:26:21.831 INFO [main] org.apache.catalina.core.ApplicationContext.log SessionListener: contextInitialized()
09-Aug-2025 13:26:21.832 INFO [main] org.apache.catalina.core.ApplicationContext.log ContextListener: attributeAdded('StockTicker', 'async.Stockticker@56a4abd0')
09-Aug-2025 13:26:21.864 INFO [main] org.apache.catalina.core.ApplicationContext.log SessionListener: contextDestroyed()
09-Aug-2025 13:26:21.864 INFO [main] org.apache.catalina.core.ApplicationContext.log ContextListener: contextDestroyed()
09-Aug-2025 14:10:24.005 INFO [main] org.apache.catalina.core.ApplicationContext.log ContextListener: contextInitialized()
09-Aug-2025 14:10:24.005 INFO [main] org.apache.catalina.core.ApplicationContext.log SessionListener: contextInitialized()
09-Aug-2025 14:10:24.006 INFO [main] org.apache.catalina.core.ApplicationContext.log ContextListener: attributeAdded('StockTicker', 'async.Stockticker@58a765ce')
09-Aug-2025 14:10:24.037 INFO [main] org.apache.catalina.core.ApplicationContext.log SessionListener: contextDestroyed()
09-Aug-2025 14:10:24.037 INFO [main] org.apache.catalina.core.ApplicationContext.log ContextListener: contextDestroyed()
09-Aug-2025 14:18:45.165 INFO [main] org.apache.catalina.core.ApplicationContext.log ContextListener: contextInitialized()
09-Aug-2025 14:18:45.165 INFO [main] org.apache.catalina.core.ApplicationContext.log SessionListener: contextInitialized()
09-Aug-2025 14:18:45.165 INFO [main] org.apache.catalina.core.ApplicationContext.log ContextListener: attributeAdded('StockTicker', 'async.Stockticker@5e599100')
09-Aug-2025 14:18:45.203 INFO [main] org.apache.catalina.core.ApplicationContext.log SessionListener: contextDestroyed()
09-Aug-2025 14:18:45.203 INFO [main] org.apache.catalina.core.ApplicationContext.log ContextListener: contextDestroyed()
09-Aug-2025 14:26:45.698 INFO [main] org.apache.catalina.core.ApplicationContext.log ContextListener: contextInitialized()
09-Aug-2025 14:26:45.698 INFO [main] org.apache.catalina.core.ApplicationContext.log SessionListener: contextInitialized()
09-Aug-2025 14:26:45.699 INFO [main] org.apache.catalina.core.ApplicationContext.log ContextListener: attributeAdded('StockTicker', 'async.Stockticker@7ab2a07e')
09-Aug-2025 14:26:45.729 INFO [main] org.apache.catalina.core.ApplicationContext.log SessionListener: contextDestroyed()
09-Aug-2025 14:26:45.729 INFO [main] org.apache.catalina.core.ApplicationContext.log ContextListener: contextDestroyed()
09-Aug-2025 14:28:33.548 INFO [main] org.apache.catalina.core.ApplicationContext.log ContextListener: contextInitialized()
09-Aug-2025 14:28:33.548 INFO [main] org.apache.catalina.core.ApplicationContext.log SessionListener: contextInitialized()
09-Aug-2025 14:28:33.549 INFO [main] org.apache.catalina.core.ApplicationContext.log ContextListener: attributeAdded('StockTicker', 'async.Stockticker@8fcc534')
09-Aug-2025 14:28:33.582 INFO [main] org.apache.catalina.core.ApplicationContext.log SessionListener: contextDestroyed()
09-Aug-2025 14:28:33.582 INFO [main] org.apache.catalina.core.ApplicationContext.log ContextListener: contextDestroyed()
09-Aug-2025 15:02:07.623 INFO [main] org.apache.catalina.core.ApplicationContext.log ContextListener: contextInitialized()
09-Aug-2025 15:02:07.623 INFO [main] org.apache.catalina.core.ApplicationContext.log SessionListener: contextInitialized()
09-Aug-2025 15:02:07.624 INFO [main] org.apache.catalina.core.ApplicationContext.log ContextListener: attributeAdded('StockTicker', 'async.Stockticker@8fcc534')
09-Aug-2025 15:02:07.673 INFO [main] org.apache.catalina.core.ApplicationContext.log SessionListener: contextDestroyed()
09-Aug-2025 15:02:07.673 INFO [main] org.apache.catalina.core.ApplicationContext.log ContextListener: contextDestroyed()
09-Aug-2025 15:04:27.496 INFO [main] org.apache.catalina.core.ApplicationContext.log ContextListener: contextInitialized()
09-Aug-2025 15:04:27.496 INFO [main] org.apache.catalina.core.ApplicationContext.log SessionListener: contextInitialized()
09-Aug-2025 15:04:27.497 INFO [main] org.apache.catalina.core.ApplicationContext.log ContextListener: attributeAdded('StockTicker', 'async.Stockticker@58a765ce')
09-Aug-2025 15:04:27.526 INFO [main] org.apache.catalina.core.ApplicationContext.log SessionListener: contextDestroyed()
09-Aug-2025 15:04:27.526 INFO [main] org.apache.catalina.core.ApplicationContext.log ContextListener: contextDestroyed()
09-Aug-2025 15:06:50.757 INFO [main] org.apache.catalina.core.ApplicationContext.log ContextListener: contextInitialized()
09-Aug-2025 15:06:50.757 INFO [main] org.apache.catalina.core.ApplicationContext.log SessionListener: contextInitialized()
09-Aug-2025 15:06:50.758 INFO [main] org.apache.catalina.core.ApplicationContext.log ContextListener: attributeAdded('StockTicker', 'async.Stockticker@58a765ce')
09-Aug-2025 15:06:50.791 INFO [main] org.apache.catalina.core.ApplicationContext.log SessionListener: contextDestroyed()
09-Aug-2025 15:06:50.791 INFO [main] org.apache.catalina.core.ApplicationContext.log ContextListener: contextDestroyed()
09-Aug-2025 15:07:13.954 INFO [main] org.apache.catalina.core.ApplicationContext.log ContextListener: contextInitialized()
09-Aug-2025 15:07:13.954 INFO [main] org.apache.catalina.core.ApplicationContext.log SessionListener: contextInitialized()
09-Aug-2025 15:07:13.955 INFO [main] org.apache.catalina.core.ApplicationContext.log ContextListener: attributeAdded('StockTicker', 'async.Stockticker@7f0f84d4')
09-Aug-2025 15:07:14.009 INFO [main] org.apache.catalina.core.ApplicationContext.log SessionListener: contextDestroyed()
09-Aug-2025 15:07:14.009 INFO [main] org.apache.catalina.core.ApplicationContext.log ContextListener: contextDestroyed()
09-Aug-2025 15:08:36.364 INFO [main] org.apache.catalina.core.ApplicationContext.log ContextListener: contextInitialized()
09-Aug-2025 15:08:36.364 INFO [main] org.apache.catalina.core.ApplicationContext.log SessionListener: contextInitialized()
09-Aug-2025 15:08:36.365 INFO [main] org.apache.catalina.core.ApplicationContext.log ContextListener: attributeAdded('StockTicker', 'async.Stockticker@8fcc534')
09-Aug-2025 15:08:36.395 INFO [main] org.apache.catalina.core.ApplicationContext.log SessionListener: contextDestroyed()
09-Aug-2025 15:08:36.395 INFO [main] org.apache.catalina.core.ApplicationContext.log ContextListener: contextDestroyed()
09-Aug-2025 15:09:06.866 INFO [main] org.apache.catalina.core.ApplicationContext.log ContextListener: contextInitialized()
09-Aug-2025 15:09:06.866 INFO [main] org.apache.catalina.core.ApplicationContext.log SessionListener: contextInitialized()
09-Aug-2025 15:09:06.867 INFO [main] org.apache.catalina.core.ApplicationContext.log ContextListener: attributeAdded('StockTicker', 'async.Stockticker@58a765ce')
09-Aug-2025 15:09:06.904 INFO [main] org.apache.catalina.core.ApplicationContext.log SessionListener: contextDestroyed()
09-Aug-2025 15:09:06.904 INFO [main] org.apache.catalina.core.ApplicationContext.log ContextListener: contextDestroyed()
09-Aug-2025 15:09:49.417 INFO [main] org.apache.catalina.core.ApplicationContext.log ContextListener: contextInitialized()
09-Aug-2025 15:09:49.417 INFO [main] org.apache.catalina.core.ApplicationContext.log SessionListener: contextInitialized()
09-Aug-2025 15:09:49.417 INFO [main] org.apache.catalina.core.ApplicationContext.log ContextListener: attributeAdded('StockTicker', 'async.Stockticker@22d477c2')
09-Aug-2025 15:09:49.459 INFO [main] org.apache.catalina.core.ApplicationContext.log SessionListener: contextDestroyed()
09-Aug-2025 15:09:49.459 INFO [main] org.apache.catalina.core.ApplicationContext.log ContextListener: contextDestroyed()
09-Aug-2025 15:10:11.280 INFO [main] org.apache.catalina.core.ApplicationContext.log ContextListener: contextInitialized()
09-Aug-2025 15:10:11.280 INFO [main] org.apache.catalina.core.ApplicationContext.log SessionListener: contextInitialized()
09-Aug-2025 15:10:11.280 INFO [main] org.apache.catalina.core.ApplicationContext.log ContextListener: attributeAdded('StockTicker', 'async.Stockticker@58a765ce')
09-Aug-2025 15:10:11.312 INFO [main] org.apache.catalina.core.ApplicationContext.log SessionListener: contextDestroyed()
09-Aug-2025 15:10:11.312 INFO [main] org.apache.catalina.core.ApplicationContext.log ContextListener: contextDestroyed()
09-Aug-2025 15:10:57.761 INFO [main] org.apache.catalina.core.ApplicationContext.log ContextListener: contextInitialized()
09-Aug-2025 15:10:57.761 INFO [main] org.apache.catalina.core.ApplicationContext.log SessionListener: contextInitialized()
09-Aug-2025 15:10:57.762 INFO [main] org.apache.catalina.core.ApplicationContext.log ContextListener: attributeAdded('StockTicker', 'async.Stockticker@79ecc507')
09-Aug-2025 15:10:57.797 INFO [main] org.apache.catalina.core.ApplicationContext.log SessionListener: contextDestroyed()
09-Aug-2025 15:10:57.797 INFO [main] org.apache.catalina.core.ApplicationContext.log ContextListener: contextDestroyed()
09-Aug-2025 15:11:55.327 INFO [main] org.apache.catalina.core.ApplicationContext.log ContextListener: contextInitialized()
09-Aug-2025 15:11:55.327 INFO [main] org.apache.catalina.core.ApplicationContext.log SessionListener: contextInitialized()
09-Aug-2025 15:11:55.327 INFO [main] org.apache.catalina.core.ApplicationContext.log ContextListener: attributeAdded('StockTicker', 'async.Stockticker@4a642e4b')
09-Aug-2025 15:11:55.361 INFO [main] org.apache.catalina.core.ApplicationContext.log SessionListener: contextDestroyed()
09-Aug-2025 15:11:55.361 INFO [main] org.apache.catalina.core.ApplicationContext.log ContextListener: contextDestroyed()
09-Aug-2025 15:14:27.073 INFO [main] org.apache.catalina.core.ApplicationContext.log ContextListener: contextInitialized()
09-Aug-2025 15:14:27.074 INFO [main] org.apache.catalina.core.ApplicationContext.log SessionListener: contextInitialized()
09-Aug-2025 15:14:27.075 INFO [main] org.apache.catalina.core.ApplicationContext.log ContextListener: attributeAdded('StockTicker', 'async.Stockticker@5600a5da')
09-Aug-2025 15:14:27.113 INFO [main] org.apache.catalina.core.ApplicationContext.log SessionListener: contextDestroyed()
09-Aug-2025 15:14:27.113 INFO [main] org.apache.catalina.core.ApplicationContext.log ContextListener: contextDestroyed()
09-Aug-2025 15:22:11.080 INFO [main] org.apache.catalina.core.ApplicationContext.log ContextListener: contextInitialized()
09-Aug-2025 15:22:11.080 INFO [main] org.apache.catalina.core.ApplicationContext.log SessionListener: contextInitialized()
09-Aug-2025 15:22:11.081 INFO [main] org.apache.catalina.core.ApplicationContext.log ContextListener: attributeAdded('StockTicker', 'async.Stockticker@40d848f9')
09-Aug-2025 15:22:11.119 INFO [main] org.apache.catalina.core.ApplicationContext.log SessionListener: contextDestroyed()
09-Aug-2025 15:22:11.119 INFO [main] org.apache.catalina.core.ApplicationContext.log ContextListener: contextDestroyed()
09-Aug-2025 15:23:52.237 INFO [main] org.apache.catalina.core.ApplicationContext.log ContextListener: contextInitialized()
09-Aug-2025 15:23:52.237 INFO [main] org.apache.catalina.core.ApplicationContext.log SessionListener: contextInitialized()
09-Aug-2025 15:23:52.238 INFO [main] org.apache.catalina.core.ApplicationContext.log ContextListener: attributeAdded('StockTicker', 'async.Stockticker@5aa76ad2')
09-Aug-2025 15:23:52.272 INFO [main] org.apache.catalina.core.ApplicationContext.log SessionListener: contextDestroyed()
09-Aug-2025 15:23:52.272 INFO [main] org.apache.catalina.core.ApplicationContext.log ContextListener: contextDestroyed()
09-Aug-2025 15:24:19.783 INFO [main] org.apache.catalina.core.ApplicationContext.log ContextListener: contextInitialized()
09-Aug-2025 15:24:19.783 INFO [main] org.apache.catalina.core.ApplicationContext.log SessionListener: contextInitialized()
09-Aug-2025 15:24:19.784 INFO [main] org.apache.catalina.core.ApplicationContext.log ContextListener: attributeAdded('StockTicker', 'async.Stockticker@1f129467')
09-Aug-2025 15:24:19.815 INFO [main] org.apache.catalina.core.ApplicationContext.log SessionListener: contextDestroyed()
09-Aug-2025 15:24:19.815 INFO [main] org.apache.catalina.core.ApplicationContext.log ContextListener: contextDestroyed()
09-Aug-2025 15:26:00.675 INFO [main] org.apache.catalina.core.ApplicationContext.log ContextListener: contextInitialized()
09-Aug-2025 15:26:00.675 INFO [main] org.apache.catalina.core.ApplicationContext.log SessionListener: contextInitialized()
09-Aug-2025 15:26:00.676 INFO [main] org.apache.catalina.core.ApplicationContext.log ContextListener: attributeAdded('StockTicker', 'async.Stockticker@5aa76ad2')
09-Aug-2025 15:26:00.708 INFO [main] org.apache.catalina.core.ApplicationContext.log SessionListener: contextDestroyed()
09-Aug-2025 15:26:00.708 INFO [main] org.apache.catalina.core.ApplicationContext.log ContextListener: contextDestroyed()
09-Aug-2025 15:28:54.787 INFO [main] org.apache.catalina.core.ApplicationContext.log ContextListener: contextInitialized()
09-Aug-2025 15:28:54.787 INFO [main] org.apache.catalina.core.ApplicationContext.log SessionListener: contextInitialized()
09-Aug-2025 15:28:54.787 INFO [main] org.apache.catalina.core.ApplicationContext.log ContextListener: attributeAdded('StockTicker', 'async.Stockticker@58aa1d72')
09-Aug-2025 15:28:54.819 INFO [main] org.apache.catalina.core.ApplicationContext.log SessionListener: contextDestroyed()
09-Aug-2025 15:28:54.820 INFO [main] org.apache.catalina.core.ApplicationContext.log ContextListener: contextDestroyed()
09-Aug-2025 15:36:50.393 INFO [main] org.apache.catalina.core.ApplicationContext.log ContextListener: contextInitialized()
09-Aug-2025 15:36:50.393 INFO [main] org.apache.catalina.core.ApplicationContext.log SessionListener: contextInitialized()
09-Aug-2025 15:36:50.394 INFO [main] org.apache.catalina.core.ApplicationContext.log ContextListener: attributeAdded('StockTicker', 'async.Stockticker@5600a5da')
09-Aug-2025 15:36:50.424 INFO [main] org.apache.catalina.core.ApplicationContext.log SessionListener: contextDestroyed()
09-Aug-2025 15:36:50.424 INFO [main] org.apache.catalina.core.ApplicationContext.log ContextListener: contextDestroyed()
09-Aug-2025 15:37:09.492 INFO [main] org.apache.catalina.core.ApplicationContext.log ContextListener: contextInitialized()
09-Aug-2025 15:37:09.492 INFO [main] org.apache.catalina.core.ApplicationContext.log SessionListener: contextInitialized()
09-Aug-2025 15:37:09.493 INFO [main] org.apache.catalina.core.ApplicationContext.log ContextListener: attributeAdded('StockTicker', 'async.Stockticker@44bc2449')
09-Aug-2025 15:37:09.538 INFO [main] org.apache.catalina.core.ApplicationContext.log SessionListener: contextDestroyed()
09-Aug-2025 15:37:09.538 INFO [main] org.apache.catalina.core.ApplicationContext.log ContextListener: contextDestroyed()
09-Aug-2025 15:45:12.049 INFO [main] org.apache.catalina.core.ApplicationContext.log ContextListener: contextInitialized()
09-Aug-2025 15:45:12.049 INFO [main] org.apache.catalina.core.ApplicationContext.log SessionListener: contextInitialized()
09-Aug-2025 15:45:12.049 INFO [main] org.apache.catalina.core.ApplicationContext.log ContextListener: attributeAdded('StockTicker', 'async.Stockticker@69ed5ea2')
09-Aug-2025 15:45:12.080 INFO [main] org.apache.catalina.core.ApplicationContext.log SessionListener: contextDestroyed()
09-Aug-2025 15:45:12.080 INFO [main] org.apache.catalina.core.ApplicationContext.log ContextListener: contextDestroyed()
09-Aug-2025 15:48:42.863 INFO [main] org.apache.catalina.core.ApplicationContext.log ContextListener: contextInitialized()
09-Aug-2025 15:48:42.863 INFO [main] org.apache.catalina.core.ApplicationContext.log SessionListener: contextInitialized()
09-Aug-2025 15:48:42.864 INFO [main] org.apache.catalina.core.ApplicationContext.log ContextListener: attributeAdded('StockTicker', 'async.Stockticker@69ed5ea2')
09-Aug-2025 15:48:42.921 INFO [main] org.apache.catalina.core.ApplicationContext.log SessionListener: contextDestroyed()
09-Aug-2025 15:48:42.921 INFO [main] org.apache.catalina.core.ApplicationContext.log ContextListener: contextDestroyed()
09-Aug-2025 15:59:13.047 INFO [main] org.apache.catalina.core.ApplicationContext.log ContextListener: contextInitialized()
09-Aug-2025 15:59:13.047 INFO [main] org.apache.catalina.core.ApplicationContext.log SessionListener: contextInitialized()
09-Aug-2025 15:59:13.048 INFO [main] org.apache.catalina.core.ApplicationContext.log ContextListener: attributeAdded('StockTicker', 'async.Stockticker@44bc2449')
09-Aug-2025 15:59:13.105 INFO [main] org.apache.catalina.core.ApplicationContext.log SessionListener: contextDestroyed()
09-Aug-2025 15:59:13.106 INFO [main] org.apache.catalina.core.ApplicationContext.log ContextListener: contextDestroyed()
09-Aug-2025 16:03:19.812 INFO [main] org.apache.catalina.core.ApplicationContext.log ContextListener: contextInitialized()
09-Aug-2025 16:03:19.812 INFO [main] org.apache.catalina.core.ApplicationContext.log SessionListener: contextInitialized()
09-Aug-2025 16:03:19.813 INFO [main] org.apache.catalina.core.ApplicationContext.log ContextListener: attributeAdded('StockTicker', 'async.Stockticker@3b435211')
09-Aug-2025 16:03:19.872 INFO [main] org.apache.catalina.core.ApplicationContext.log SessionListener: contextDestroyed()
09-Aug-2025 16:03:19.872 INFO [main] org.apache.catalina.core.ApplicationContext.log ContextListener: contextDestroyed()
09-Aug-2025 23:08:36.549 INFO [main] org.apache.catalina.core.ApplicationContext.log ContextListener: contextInitialized()
09-Aug-2025 23:08:36.549 INFO [main] org.apache.catalina.core.ApplicationContext.log SessionListener: contextInitialized()
09-Aug-2025 23:08:36.550 INFO [main] org.apache.catalina.core.ApplicationContext.log ContextListener: attributeAdded('StockTicker', 'async.Stockticker@69ed5ea2')
09-Aug-2025 23:08:36.585 INFO [main] org.apache.catalina.core.ApplicationContext.log SessionListener: contextDestroyed()
09-Aug-2025 23:08:36.585 INFO [main] org.apache.catalina.core.ApplicationContext.log ContextListener: contextDestroyed()
09-Aug-2025 23:09:36.640 INFO [main] org.apache.catalina.core.ApplicationContext.log ContextListener: contextInitialized()
09-Aug-2025 23:09:36.640 INFO [main] org.apache.catalina.core.ApplicationContext.log SessionListener: contextInitialized()
09-Aug-2025 23:09:36.640 INFO [main] org.apache.catalina.core.ApplicationContext.log ContextListener: attributeAdded('StockTicker', 'async.Stockticker@8fcc534')
09-Aug-2025 23:09:36.672 INFO [main] org.apache.catalina.core.ApplicationContext.log SessionListener: contextDestroyed()
09-Aug-2025 23:09:36.672 INFO [main] org.apache.catalina.core.ApplicationContext.log ContextListener: contextDestroyed()
09-Aug-2025 23:09:49.320 INFO [main] org.apache.catalina.core.ApplicationContext.log ContextListener: contextInitialized()
09-Aug-2025 23:09:49.320 INFO [main] org.apache.catalina.core.ApplicationContext.log SessionListener: contextInitialized()
09-Aug-2025 23:09:49.321 INFO [main] org.apache.catalina.core.ApplicationContext.log ContextListener: attributeAdded('StockTicker', 'async.Stockticker@58aa1d72')
09-Aug-2025 23:09:49.366 INFO [main] org.apache.catalina.core.ApplicationContext.log SessionListener: contextDestroyed()
09-Aug-2025 23:09:49.367 INFO [main] org.apache.catalina.core.ApplicationContext.log ContextListener: contextDestroyed()
09-Aug-2025 23:10:54.165 INFO [main] org.apache.catalina.core.ApplicationContext.log ContextListener: contextInitialized()
09-Aug-2025 23:10:54.165 INFO [main] org.apache.catalina.core.ApplicationContext.log SessionListener: contextInitialized()
09-Aug-2025 23:10:54.166 INFO [main] org.apache.catalina.core.ApplicationContext.log ContextListener: attributeAdded('StockTicker', 'async.Stockticker@8fcc534')
09-Aug-2025 23:10:54.196 INFO [main] org.apache.catalina.core.ApplicationContext.log SessionListener: contextDestroyed()
09-Aug-2025 23:10:54.196 INFO [main] org.apache.catalina.core.ApplicationContext.log ContextListener: contextDestroyed()
09-Aug-2025 23:14:41.484 INFO [main] org.apache.catalina.core.ApplicationContext.log ContextListener: contextInitialized()
09-Aug-2025 23:14:41.484 INFO [main] org.apache.catalina.core.ApplicationContext.log SessionListener: contextInitialized()
09-Aug-2025 23:14:41.485 INFO [main] org.apache.catalina.core.ApplicationContext.log ContextListener: attributeAdded('StockTicker', 'async.Stockticker@33d7765a')
09-Aug-2025 23:14:41.528 INFO [main] org.apache.catalina.core.ApplicationContext.log SessionListener: contextDestroyed()
09-Aug-2025 23:14:41.528 INFO [main] org.apache.catalina.core.ApplicationContext.log ContextListener: contextDestroyed()
09-Aug-2025 23:15:35.861 INFO [main] org.apache.catalina.core.ApplicationContext.log ContextListener: contextInitialized()
09-Aug-2025 23:15:35.861 INFO [main] org.apache.catalina.core.ApplicationContext.log SessionListener: contextInitialized()
09-Aug-2025 23:15:35.862 INFO [main] org.apache.catalina.core.ApplicationContext.log ContextListener: attributeAdded('StockTicker', 'async.Stockticker@5600a5da')
09-Aug-2025 23:15:35.895 INFO [main] org.apache.catalina.core.ApplicationContext.log SessionListener: contextDestroyed()
09-Aug-2025 23:15:35.895 INFO [main] org.apache.catalina.core.ApplicationContext.log ContextListener: contextDestroyed()
